<?xml version="1.0" encoding="UTF-8"?>
<!-- Generated by org.testng.reporters.JUnitXMLReporter -->
<testsuite ignored="0" hostname="Nishanthan" failures="0" tests="3" name="Default test" time="15.233" errors="0" timestamp="2026-09-22T20:06:38 IST">
  <testcase classname="tests.FirstTest" name="loginTest" time="0.665"/>
  <testcase classname="tests.SeleniumActionsPractice" name="seleniumActionsPractice" time="1.291"/>
  <testcase classname="tests.XPathPractice" name="xpathPractice" time="0.775"/>
</testsuite> <!-- Default test -->
